         177         116          46          70          46          70
  0.400000006    
  0.391353726    
  0.382707447    
  0.374061167    
  0.365414888    
  0.356768608    
  0.348122329    
  0.339476049    
  0.330829769    
  0.322183490    
  0.313537210    
  0.304890931    
  0.296244651    
  0.287598372    
  0.278952092    
  0.270305812    
  0.261659533    
  0.253013253    
  0.244366959    
  0.235720664    
  0.227074370    
  0.218428075    
  0.209781781    
  0.201135486    
  0.192489192    
  0.183842897    
  0.175196603    
  0.166550308    
  0.157904014    
  0.149257720    
  0.140611425    
  0.131965131    
  0.123318844    
  0.114672557    
  0.106026269    
   9.73799825E-02
   8.87336954E-02
   8.00874084E-02
   7.14411214E-02
   6.27948344E-02
   5.41485474E-02
   4.55022603E-02
   3.99999991E-02
   3.99999991E-02
   3.99999991E-02
   3.99999991E-02
   3.99999991E-02
   3.99999991E-02
   3.99999991E-02
   3.99999991E-02
   3.99999991E-02
   3.99999991E-02
   3.99999991E-02
   3.99999991E-02
   3.99999991E-02
   3.99999991E-02
   3.99999991E-02
   3.99999991E-02
   3.99999991E-02
   3.99999991E-02
   3.99999991E-02
   3.99999991E-02
   3.99999991E-02
   3.99999991E-02
   3.99999991E-02
   3.99999991E-02
   3.99999991E-02
   3.99999991E-02
   3.99999991E-02
   3.99999991E-02
   3.99999991E-02
   3.99999991E-02
   3.99999991E-02
   4.54733931E-02
   5.09467870E-02
   5.64201809E-02
   6.18935749E-02
   6.73669651E-02
   7.28403553E-02
   7.83137456E-02
   8.37871358E-02
   8.92605260E-02
   9.47339162E-02
  0.100207306    
  0.105680697    
  0.111154087    
  0.116627477    
  0.122100867    
  0.127574265    
  0.133047655    
  0.138521045    
  0.143994436    
  0.149467826    
  0.154941216    
  0.160414606    
  0.165887997    
  0.171361387    
  0.176834777    
  0.182308167    
  0.187781557    
  0.193254948    
  0.198728338    
  0.204201728    
  0.209675118    
  0.215148509    
  0.220621899    
  0.226095289    
  0.231568679    
  0.237042069    
  0.242515460    
  0.247988850    
  0.253462255    
  0.258935660    
  0.264409065    
  0.269882470    
  0.275355875    
  0.280829281    
  0.286302686    
  0.291776091    
  0.297249496    
  0.302722901    
  0.308196306    
  0.313669711    
  0.319143116    
  0.324616522    
  0.330089927    
  0.335563332    
  0.341036737    
  0.346510142    
  0.351983547    
  0.357456952    
  0.362930357    
  0.368403763    
  0.373877168    
  0.379350573    
  0.384823978    
  0.390297383    
  0.395770788    
  0.401244193    
  0.406717598    
  0.400000006    
  0.400000006    
  0.400000006    
  0.400000006    
  0.400000006    
  0.400000006    
  0.400000006    
  0.400000006    
  0.400000006    
  0.400000006    
  0.400000006    
  0.400000006    
  0.400000006    
  0.400000006    
  0.400000006    
  0.400000006    
  0.400000006    
  0.400000006    
  0.400000006    
  0.400000006    
  0.400000006    
  0.400000006    
  0.400000006    
  0.400000006    
  0.400000006    
  0.400000006    
  0.400000006    
  0.400000006    
  0.400000006    
  0.400000006    
  0.400000006    
  0.400000006    
  0.400000006    
  0.400000006    
  0.400000006    
  0.400000006    
  0.400000006    
  0.400000006    
  0.400000006    
  0.391353726    
  0.382707447    
  0.374061167    
  0.365414888    
  0.356768608    
  0.348122329    
  0.339476049    
  0.330829769    
  0.322183490    
  0.313537210    
  0.304890931    
  0.296244651    
  0.287598372    
  0.278952092    
  0.270305812    
  0.261659533    
  0.253013253    
  0.244366959    
  0.235720664    
  0.227074370    
  0.218428075    
  0.209781781    
  0.201135486    
  0.192489192    
  0.183842897    
  0.175196603    
  0.166550308    
  0.157904014    
  0.149257720    
  0.140611425    
  0.131965131    
  0.123318844    
  0.114672557    
  0.106026269    
   9.73799825E-02
   8.87336954E-02
   8.00874084E-02
   7.14411214E-02
   6.27948344E-02
   5.41485474E-02
   4.55022603E-02
   3.99999991E-02
   3.99999991E-02
   3.99999991E-02
   3.99999991E-02
   3.99999991E-02
   3.99999991E-02
   3.99999991E-02
   3.99999991E-02
   3.99999991E-02
   3.99999991E-02
   3.99999991E-02
   3.99999991E-02
   3.99999991E-02
   3.99999991E-02
   3.99999991E-02
   3.99999991E-02
   3.99999991E-02
   3.99999991E-02
   3.99999991E-02
   3.99999991E-02
   3.99999991E-02
   3.99999991E-02
   3.99999991E-02
   3.99999991E-02
   3.99999991E-02
   3.99999991E-02
   3.99999991E-02
   3.99999991E-02
   3.99999991E-02
   3.99999991E-02
   3.99999991E-02
   4.86462861E-02
   5.72925732E-02
   6.59388602E-02
   7.45851472E-02
   8.32314342E-02
   9.18777213E-02
  0.100524008    
  0.109170295    
  0.117816582    
  0.126462877    
  0.135109171    
  0.143755466    
  0.152401760    
  0.161048055    
  0.169694349    
  0.178340644    
  0.186986938    
  0.195633233    
  0.204279527    
  0.212925822    
  0.221572116    
  0.230218410    
  0.238864705    
  0.247510999    
  0.256157279    
  0.264803559    
  0.273449838    
  0.282096118    
  0.290742397    
  0.299388677    
  0.308034956    
  0.316681236    
  0.325327516    
  0.333973795    
  0.342620075    
  0.351266354    
  0.359912634    
  0.368558913    
  0.377205193    
  0.385851473    
  0.394497752    
  0.403144032    
  0.411790311    
